[www.thenx.com/featured_workouts/901781d.html]
[backblue.gif]
[fade.gif]
[index.html]
[www.thenx.com/favicon-32x32.png]
[www.thenx.com/favicon-16x16.png]
[dfd5gcc6b7vw5.cloudfront.net/assets/application-a15ca16566fc64f3e13c6ec6a2ec08d3bc7b309a6b66786d45d93b935b880984.css]
[use.fontawesome.com/releases/v5.8.1/css/solid.css]
[use.fontawesome.com/releases/v5.8.0/css/brands.css]
[use.fontawesome.com/releases/v5.8.0/css/fontawesome.css]
[widget.cloudinary.com/v2.0/global/all.js]
[dfd5gcc6b7vw5.cloudfront.net/assets/application-0f96c4876903b9f51beffb5a59cdc7a45a0c8e6a76c869afa3a1b6d9475ca9be.js]
[dfd5gcc6b7vw5.cloudfront.net/packs/js/application-039dbcb7363a9d133c7f.js]
[dfd5gcc6b7vw5.cloudfront.net/assets/logo-8a7bb8b7de46c1b7163081c1d735c55860cf8d83689ad0a98a1865826a82b7cc.svg]
[res.cloudinary.com/thenx-production/image/upload/featured_workouts/legs-2.jpg]
[www.thenx.com/featured_workouts/901b4f5.html]
[www.thenx.com/featured_workouts/9013515.html]
[i.vimeocdn.com/video/752015096_160x908862.jpg]
[i.vimeocdn.com/video/752016997_160x908862.jpg]
[i.vimeocdn.com/video/751987226_160x908862.jpg]
[i.vimeocdn.com/video/752270776_160x908862.jpg]
[i.vimeocdn.com/video/751519712_160x908862.jpg]
[i.vimeocdn.com/video/751516452_160x908862.jpg]
[i.vimeocdn.com/video/752051727_160x908862.jpg]
[i.vimeocdn.com/video/752282437_160x908862.jpg]
[i.vimeocdn.com/video/752268988_160x908862.jpg]
[i.vimeocdn.com/video/751517548_160x908862.jpg]
[www.thenx.com/cdn-cgi/scripts/5c5dd728/cloudflare-static/email-decode.min.js]
[www.thenx.com/featured_workouts/901781d.html]
[i.vimeocdn.com/video/751994507_160x908862.jpg]
[i.vimeocdn.com/video/752027083_160x908862.jpg]
[i.vimeocdn.com/video/754823096_160x908862.jpg]
[i.vimeocdn.com/video/752271618_160x908862.jpg]
[i.vimeocdn.com/video/753102291_160x908862.jpg]
[i.vimeocdn.com/video/752026635_160x908862.jpg]
[i.vimeocdn.com/video/751515591_160x908862.jpg]
[www.thenx.com/featured_workouts/901b4f5.html]
[i.vimeocdn.com/video/751518620_160x908862.jpg]
[i.vimeocdn.com/video/752268494_160x908862.jpg]
[i.vimeocdn.com/video/752043977_160x908862.jpg]
[www.thenx.com/featured_workouts/9013515.html]
[dfd5gcc6b7vw5.cloudfront.net/assets/thenx-header-b0f1a2685be5ff4f739a7333baf90c8045a39f170347548609b634e39709357c.jpg]
[i.vimeocdn.com/video/752015096_160x908862.jpg]
[dfd5gcc6b7vw5.cloudfront.net/assets/thenx-footer-24e7f3e5fe00928e95944891a14955366b4f613552ef83a87a0703bb8fe0464a.jpg]
[dfd5gcc6b7vw5.cloudfront.net/assets/application-a15ca16566fc64f3e13c6ec6a2ec08d3bc7b309a6b66786d45d93b935b880984.css]
[dfd5gcc6b7vw5.cloudfront.net/assets/weight-west-141d808a62d8d53752d61f64031e41e3e695fd52072966a06a9936ad29251e2e.jpg]
[use.fontawesome.com/releases/v5.8.1/css/solid.css]
[use.fontawesome.com/releases/v5.8.1/webfonts/fa-solid-900.svg]
[use.fontawesome.com/releases/v5.8.0/css/brands.css]
[use.fontawesome.com/releases/v5.8.0/css/fontawesome.css]
[dfd5gcc6b7vw5.cloudfront.net/assets/logo-8a7bb8b7de46c1b7163081c1d735c55860cf8d83689ad0a98a1865826a82b7cc.svg]
[use.fontawesome.com/releases/v5.8.0/webfonts/fa-brands-400.svg]
[use.fontawesome.com/releases/v5.8.1/webfonts/fa-solid-900.svg]
[use.fontawesome.com/releases/v5.8.0/webfonts/fa-brands-400.svg]
[www.thenx.com/featured_workouts/901b4f5.html]
